<?xml version="1.0" encoding="UTF-8"?>
<testng-results skipped="0" failed="0" total="1" passed="1">
  <reporter-output>
  </reporter-output>
  <suite name="Default suite" duration-ms="22456" started-at="2019-06-17T17:08:05Z" finished-at="2019-06-17T17:08:27Z">
    <groups>
    </groups>
    <test name="Default test" duration-ms="22456" started-at="2019-06-17T17:08:05Z" finished-at="2019-06-17T17:08:27Z">
      <class name="testngtests2.WebTablesTest">
        <test-method status="PASS" signature="webTable()[pri:0, instance:testngtests2.WebTablesTest@28feb3fa]" name="webTable" duration-ms="22427" started-at="2019-06-17T18:08:05Z" finished-at="2019-06-17T18:08:27Z">
          <reporter-output>
          </reporter-output>
        </test-method> <!-- webTable -->
      </class> <!-- testngtests2.WebTablesTest -->
    </test> <!-- Default test -->
  </suite> <!-- Default suite -->
</testng-results>
